0 info it worked if it ends with ok
1 verbose cli [ '/usr/bin/node', '/usr/bin/npm', 'run', 'deploy' ]
2 info using npm@3.10.10
3 info using node@v6.12.3
4 verbose run-script [ 'predeploy', 'deploy', 'postdeploy' ]
5 info lifecycle fcc-2_portfolio@1.0.0~predeploy: fcc-2_portfolio@1.0.0
6 silly lifecycle fcc-2_portfolio@1.0.0~predeploy: no script for predeploy, continuing
7 info lifecycle fcc-2_portfolio@1.0.0~deploy: fcc-2_portfolio@1.0.0
8 verbose lifecycle fcc-2_portfolio@1.0.0~deploy: unsafe-perm in lifecycle true
9 verbose lifecycle fcc-2_portfolio@1.0.0~deploy: PATH: /usr/lib/node_modules/npm/bin/node-gyp-bin:/home/shea/git/projects/fcc/fcc-2_portfolio/node_modules/.bin:/home/shea/.npm-global/bin:/home/shea/.npm-global/bin:/home/shea/bin:/usr/local/sbin:/usr/local/bin:/usr/sbin:/usr/bin:/sbin:/bin:/usr/games:/usr/local/games:/snap/bin:/home/shea/git/dotfiles/bin/:/home/shea/git/dotfiles/bin/openbox:/home/shea/git/dotfiles/bin/openbox/obtheme-2013.2.20.2:/home/shea/git/dotfiles/bin/colors:/home/shea/git/dotfiles/bin/python_widget_factory:/home/shea/git/dotfiles/bin/python_widget_factory/gtk2:/home/shea/git/dotfiles/bin/python_widget_factory/gtk3:/home/shea/git/dotfiles/bin/gmrun:/home/shea/git/dotfiles/bin/unetbootin:/home/shea/git/dotfiles/bin/scripts:/home/shea/git/dotfiles/bin/tintwizard:/home/shea/git/dotfiles/bin/tint2:/home/shea/git/dotfiles/bin/dmenu:/home/shea/git/dotfiles/bin/autostart_scripts:/home/shea/git/dotfiles/bin/:/home/shea/git/dotfiles/bin/openbox:/home/shea/git/dotfiles/bin/openbox/obtheme-2013.2.20.2:/home/shea/git/dotfiles/bin/colors:/home/shea/git/dotfiles/bin/python_widget_factory:/home/shea/git/dotfiles/bin/python_widget_factory/gtk2:/home/shea/git/dotfiles/bin/python_widget_factory/gtk3:/home/shea/git/dotfiles/bin/gmrun:/home/shea/git/dotfiles/bin/unetbootin:/home/shea/git/dotfiles/bin/scripts:/home/shea/git/dotfiles/bin/tintwizard:/home/shea/git/dotfiles/bin/tint2:/home/shea/git/dotfiles/bin/dmenu:/home/shea/git/dotfiles/bin/autostart_scripts
10 verbose lifecycle fcc-2_portfolio@1.0.0~deploy: CWD: /home/shea/git/projects/fcc/fcc-2_portfolio
11 silly lifecycle fcc-2_portfolio@1.0.0~deploy: Args: [ '-c', 'gh-pages -d /' ]
12 silly lifecycle fcc-2_portfolio@1.0.0~deploy: Returned: code: 126  signal: null
13 info lifecycle fcc-2_portfolio@1.0.0~deploy: Failed to exec deploy script
14 verbose stack Error: fcc-2_portfolio@1.0.0 deploy: `gh-pages -d /`
14 verbose stack Exit status 126
14 verbose stack     at EventEmitter.<anonymous> (/usr/lib/node_modules/npm/lib/utils/lifecycle.js:255:16)
14 verbose stack     at emitTwo (events.js:106:13)
14 verbose stack     at EventEmitter.emit (events.js:191:7)
14 verbose stack     at ChildProcess.<anonymous> (/usr/lib/node_modules/npm/lib/utils/spawn.js:40:14)
14 verbose stack     at emitTwo (events.js:106:13)
14 verbose stack     at ChildProcess.emit (events.js:191:7)
14 verbose stack     at maybeClose (internal/child_process.js:920:16)
14 verbose stack     at Process.ChildProcess._handle.onexit (internal/child_process.js:230:5)
15 verbose pkgid fcc-2_portfolio@1.0.0
16 verbose cwd /home/shea/git/projects/fcc/fcc-2_portfolio
17 error Linux 4.4.0-116-generic
18 error argv "/usr/bin/node" "/usr/bin/npm" "run" "deploy"
19 error node v6.12.3
20 error npm  v3.10.10
21 error code ELIFECYCLE
22 error fcc-2_portfolio@1.0.0 deploy: `gh-pages -d /`
22 error Exit status 126
23 error Failed at the fcc-2_portfolio@1.0.0 deploy script 'gh-pages -d /'.
23 error Make sure you have the latest version of node.js and npm installed.
23 error If you do, this is most likely a problem with the fcc-2_portfolio package,
23 error not with npm itself.
23 error Tell the author that this fails on your system:
23 error     gh-pages -d /
23 error You can get information on how to open an issue for this project with:
23 error     npm bugs fcc-2_portfolio
23 error Or if that isn't available, you can get their info via:
23 error     npm owner ls fcc-2_portfolio
23 error There is likely additional logging output above.
24 verbose exit [ 1, true ]
